# JRE version: OpenJDK Runtime Environment (11.0.11+9) (build 11.0.11+9-b60-7590822)
# Java VM: OpenJDK 64-Bit Server VM (11.0.11+9-b60-7590822, mixed mode, tiered, compressed oops, g1 gc, windows-amd64)
Heap:
 garbage-first heap   total 315392K, used 160832K [0x0000000080000000, 0x0000000100000000)
  region size 1024K, 7 young (7168K), 7 survivors (7168K)
 Metaspace       used 121811K, capacity 124936K, committed 125220K, reserved 1159168K
  class space    used 15276K, capacity 16453K, committed 16512K, reserved 1048576K
GC Heap History (20 events):
Event: 27.410 GC heap after
{Heap after GC invocations=28 (full 0):
 garbage-first heap   total 262144K, used 115624K [0x0000000080000000, 0x0000000100000000)
  region size 1024K, 12 young (12288K), 12 survivors (12288K)
 Metaspace       used 112311K, capacity 114891K, committed 114980K, reserved 1148928K
  class space    used 13969K, capacity 14926K, committed 14976K, reserved 1048576K
}
Event: 27.900 GC heap before
{Heap before GC invocations=28 (full 0):
 garbage-first heap   total 262144K, used 221096K [0x0000000080000000, 0x0000000100000000)
  region size 1024K, 116 young (118784K), 12 survivors (12288K)
 Metaspace       used 116155K, capacity 118866K, committed 118948K, reserved 1153024K
  class space    used 14572K, capacity 15599K, committed 15616K, reserved 1048576K
}
Event: 27.909 GC heap after
{Heap after GC invocations=29 (full 0):
 garbage-first heap   total 262144K, used 120421K [0x0000000080000000, 0x0000000100000000)
  region size 1024K, 11 young (11264K), 11 survivors (11264K)
 Metaspace       used 116155K, capacity 118866K, committed 118948K, reserved 1153024K
  class space    used 14572K, capacity 15599K, committed 15616K, reserved 1048576K
}
Event: 28.321 GC heap before
{Heap before GC invocations=29 (full 0):
 garbage-first heap   total 262144K, used 222821K [0x0000000080000000, 0x0000000100000000)
  region size 1024K, 112 young (114688K), 11 survivors (11264K)
 Metaspace       used 117751K, capacity 120529K, committed 120868K, reserved 1155072K
  class space    used 14829K, capacity 15889K, committed 16000K, reserved 1048576K
}
Event: 28.341 GC heap after
{Heap after GC invocations=30 (full 0):
 garbage-first heap   total 262144K, used 142468K [0x0000000080000000, 0x0000000100000000)
  region size 1024K, 14 young (14336K), 14 survivors (14336K)
 Metaspace       used 117751K, capacity 120529K, committed 120868K, reserved 1155072K
  class space    used 14829K, capacity 15889K, committed 16000K, reserved 1048576K
}
Event: 28.556 GC heap before
{Heap before GC invocations=30 (full 0):
 garbage-first heap   total 262144K, used 213124K [0x0000000080000000, 0x0000000100000000)
  region size 1024K, 83 young (84992K), 14 survivors (14336K)
 Metaspace       used 118964K, capacity 121805K, committed 122020K, reserved 1155072K
  class space    used 14995K, capacity 16073K, committed 16128K, reserved 1048576K
}
Event: 28.583 GC heap after
{Heap after GC invocations=31 (full 0):
 garbage-first heap   total 262144K, used 153527K [0x0000000080000000, 0x0000000100000000)
  region size 1024K, 11 young (11264K), 11 survivors (11264K)
 Metaspace       used 118964K, capacity 121805K, committed 122020K, reserved 1155072K
  class space    used 14995K, capacity 16073K, committed 16128K, reserved 1048576K
}
Event: 28.882 GC heap before
{Heap before GC invocations=32 (full 0):
 garbage-first heap   total 262144K, used 202679K [0x0000000080000000, 0x0000000100000000)
  region size 1024K, 70 young (71680K), 11 survivors (11264K)
 Metaspace       used 119589K, capacity 122493K, committed 122660K, reserved 1155072K
  class space    used 15083K, capacity 16193K, committed 16256K, reserved 1048576K
}
Event: 28.897 GC heap after
{Heap after GC invocations=33 (full 0):
 garbage-first heap   total 262144K, used 151713K [0x0000000080000000, 0x0000000100000000)
  region size 1024K, 8 young (8192K), 8 survivors (8192K)
 Metaspace       used 119589K, capacity 122493K, committed 122660K, reserved 1155072K
  class space    used 15083K, capacity 16193K, committed 16256K, reserved 1048576K
}
Event: 28.911 GC heap before
{Heap before GC invocations=33 (full 0):
 garbage-first heap   total 262144K, used 155809K [0x0000000080000000, 0x0000000100000000)
  region size 1024K, 12 young (12288K), 8 survivors (8192K)
 Metaspace       used 119593K, capacity 122493K, committed 122660K, reserved 1155072K
  class space    used 15083K, capacity 16193K, committed 16256K, reserved 1048576K
}
Event: 28.918 GC heap after
{Heap after GC invocations=34 (full 0):
 garbage-first heap   total 262144K, used 149396K [0x0000000080000000, 0x0000000100000000)
  region size 1024K, 2 young (2048K), 2 survivors (2048K)
 Metaspace       used 119593K, capacity 122493K, committed 122660K, reserved 1155072K
  class space    used 15083K, capacity 16193K, committed 16256K, reserved 1048576K
}
Event: 29.235 GC heap before
{Heap before GC invocations=34 (full 0):
 garbage-first heap   total 262144K, used 209812K [0x0000000080000000, 0x0000000100000000)
  region size 1024K, 62 young (63488K), 2 survivors (2048K)
 Metaspace       used 120601K, capacity 123552K, committed 123812K, reserved 1157120K
  class space    used 15179K, capacity 16304K, committed 16384K, reserved 1048576K
}
Event: 29.242 GC heap after
{Heap after GC invocations=35 (full 0):
 garbage-first heap   total 262144K, used 152835K [0x0000000080000000, 0x0000000100000000)
  region size 1024K, 5 young (5120K), 5 survivors (5120K)
 Metaspace       used 120601K, capacity 123552K, committed 123812K, reserved 1157120K
  class space    used 15179K, capacity 16304K, committed 16384K, reserved 1048576K
}
Event: 29.784 GC heap before
{Heap before GC invocations=36 (full 0):
 garbage-first heap   total 262144K, used 214275K [0x0000000080000000, 0x0000000100000000)
  region size 1024K, 65 young (66560K), 5 survivors (5120K)
 Metaspace       used 121620K, capacity 124655K, committed 124964K, reserved 1157120K
  class space    used 15275K, capacity 16451K, committed 16512K, reserved 1048576K
}
Event: 29.792 GC heap after
{Heap after GC invocations=37 (full 0):
 garbage-first heap   total 262144K, used 155369K [0x0000000080000000, 0x0000000100000000)
  region size 1024K, 7 young (7168K), 7 survivors (7168K)
 Metaspace       used 121620K, capacity 124655K, committed 124964K, reserved 1157120K
  class space    used 15275K, capacity 16451K, committed 16512K, reserved 1048576K
}
Event: 29.818 GC heap before
{Heap before GC invocations=37 (full 0):
 garbage-first heap   total 262144K, used 160489K [0x0000000080000000, 0x0000000100000000)
  region size 1024K, 12 young (12288K), 7 survivors (7168K)
 Metaspace       used 121626K, capacity 124655K, committed 124964K, reserved 1157120K
  class space    used 15275K, capacity 16451K, committed 16512K, reserved 1048576K
}
Event: 29.825 GC heap after
{Heap after GC invocations=38 (full 0):
 garbage-first heap   total 262144K, used 151180K [0x0000000080000000, 0x0000000100000000)
  region size 1024K, 1 young (1024K), 1 survivors (1024K)
 Metaspace       used 121626K, capacity 124655K, committed 124964K, reserved 1157120K
  class space    used 15275K, capacity 16451K, committed 16512K, reserved 1048576K
}
Event: 30.065 GC heap before
{Heap before GC invocations=38 (full 0):
 garbage-first heap   total 262144K, used 213644K [0x0000000080000000, 0x0000000100000000)
  region size 1024K, 63 young (64512K), 1 survivors (1024K)
 Metaspace       used 121753K, capacity 124863K, committed 124964K, reserved 1157120K
  class space    used 15275K, capacity 16452K, committed 16512K, reserved 1048576K
}
Event: 30.075 GC heap after
{Heap after GC invocations=39 (full 0):
 garbage-first heap   total 262144K, used 157115K [0x0000000080000000, 0x0000000100000000)
  region size 1024K, 7 young (7168K), 7 survivors (7168K)
 Metaspace       used 121753K, capacity 124863K, committed 124964K, reserved 1157120K
  class space    used 15275K, capacity 16452K, committed 16512K, reserved 1048576K
}
Event: 30.314 GC heap before
{Heap before GC invocations=40 (full 0):
 garbage-first heap   total 262144K, used 216507K [0x0000000080000000, 0x0000000100000000)
  region size 1024K, 66 young (67584K), 7 survivors (7168K)
 Metaspace       used 121811K, capacity 124936K, committed 125220K, reserved 1159168K
  class space    used 15276K, capacity 16453K, committed 16512K, reserved 1048576K
}

