# JRE version: OpenJDK Runtime Environment (11.0.11+9) (build 11.0.11+9-b60-7590822)
# Java VM: OpenJDK 64-Bit Server VM (11.0.11+9-b60-7590822, mixed mode, tiered, compressed oops, g1 gc, windows-amd64)
Heap:
 garbage-first heap   total 262144K, used 187653K [0x0000000080000000, 0x0000000100000000)
  region size 1024K, 29 young (29696K), 1 survivors (1024K)
 Metaspace       used 131663K, capacity 134706K, committed 135764K, reserved 1167360K
  class space    used 15892K, capacity 17039K, committed 17280K, reserved 1048576K
GC Heap History (20 events):
Event: 2882.682 GC heap before
{Heap before GC invocations=121 (full 0):
 garbage-first heap   total 262144K, used 224710K [0x0000000080000000, 0x0000000100000000)
  region size 1024K, 84 young (86016K), 3 survivors (3072K)
 Metaspace       used 117370K, capacity 120477K, committed 120660K, reserved 1155072K
  class space    used 14567K, capacity 15712K, committed 15744K, reserved 1048576K
}
Event: 2882.689 GC heap after
{Heap after GC invocations=122 (full 0):
 garbage-first heap   total 262144K, used 145018K [0x0000000080000000, 0x0000000100000000)
  region size 1024K, 5 young (5120K), 5 survivors (5120K)
 Metaspace       used 117370K, capacity 120477K, committed 120660K, reserved 1155072K
  class space    used 14567K, capacity 15712K, committed 15744K, reserved 1048576K
}
Event: 2884.146 GC heap before
{Heap before GC invocations=122 (full 0):
 garbage-first heap   total 262144K, used 225914K [0x0000000080000000, 0x0000000100000000)
  region size 1024K, 85 young (87040K), 5 survivors (5120K)
 Metaspace       used 120332K, capacity 123635K, committed 123860K, reserved 1157120K
  class space    used 14899K, capacity 16090K, committed 16128K, reserved 1048576K
}
Event: 2884.156 GC heap after
{Heap after GC invocations=123 (full 0):
 garbage-first heap   total 262144K, used 150236K [0x0000000080000000, 0x0000000100000000)
  region size 1024K, 10 young (10240K), 10 survivors (10240K)
 Metaspace       used 120332K, capacity 123635K, committed 123860K, reserved 1157120K
  class space    used 14899K, capacity 16090K, committed 16128K, reserved 1048576K
}
Event: 2885.407 GC heap before
{Heap before GC invocations=123 (full 0):
 garbage-first heap   total 262144K, used 223964K [0x0000000080000000, 0x0000000100000000)
  region size 1024K, 83 young (84992K), 10 survivors (10240K)
 Metaspace       used 121943K, capacity 125336K, committed 125652K, reserved 1159168K
  class space    used 15062K, capacity 16295K, committed 16384K, reserved 1048576K
}
Event: 2885.421 GC heap after
{Heap after GC invocations=124 (full 0):
 garbage-first heap   total 262144K, used 160602K [0x0000000080000000, 0x0000000100000000)
  region size 1024K, 11 young (11264K), 11 survivors (11264K)
 Metaspace       used 121943K, capacity 125336K, committed 125652K, reserved 1159168K
  class space    used 15062K, capacity 16295K, committed 16384K, reserved 1048576K
}
Event: 2886.073 GC heap before
{Heap before GC invocations=124 (full 0):
 garbage-first heap   total 262144K, used 226138K [0x0000000080000000, 0x0000000100000000)
  region size 1024K, 69 young (70656K), 11 survivors (11264K)
 Metaspace       used 123461K, capacity 126906K, committed 127060K, reserved 1159168K
  class space    used 15189K, capacity 16431K, committed 16512K, reserved 1048576K
}
Event: 2886.123 GC heap after
{Heap after GC invocations=125 (full 0):
 garbage-first heap   total 262144K, used 178050K [0x0000000080000000, 0x0000000100000000)
  region size 1024K, 9 young (9216K), 9 survivors (9216K)
 Metaspace       used 123461K, capacity 126906K, committed 127060K, reserved 1159168K
  class space    used 15189K, capacity 16431K, committed 16512K, reserved 1048576K
}
Event: 2886.833 GC heap before
{Heap before GC invocations=126 (full 0):
 garbage-first heap   total 262144K, used 224130K [0x0000000080000000, 0x0000000100000000)
  region size 1024K, 51 young (52224K), 9 survivors (9216K)
 Metaspace       used 126396K, capacity 129407K, committed 130516K, reserved 1163264K
  class space    used 15479K, capacity 16636K, committed 16896K, reserved 1048576K
}
Event: 2886.843 GC heap after
{Heap after GC invocations=127 (full 0):
 garbage-first heap   total 262144K, used 181189K [0x0000000080000000, 0x0000000100000000)
  region size 1024K, 6 young (6144K), 6 survivors (6144K)
 Metaspace       used 126396K, capacity 129407K, committed 130516K, reserved 1163264K
  class space    used 15479K, capacity 16636K, committed 16896K, reserved 1048576K
}
Event: 2886.874 GC heap before
{Heap before GC invocations=127 (full 0):
 garbage-first heap   total 262144K, used 187333K [0x0000000080000000, 0x0000000100000000)
  region size 1024K, 12 young (12288K), 6 survivors (6144K)
 Metaspace       used 126411K, capacity 129408K, committed 130516K, reserved 1163264K
  class space    used 15479K, capacity 16636K, committed 16896K, reserved 1048576K
}
Event: 2886.891 GC heap after
{Heap after GC invocations=128 (full 0):
 garbage-first heap   total 262144K, used 161529K [0x0000000080000000, 0x0000000100000000)
  region size 1024K, 1 young (1024K), 1 survivors (1024K)
 Metaspace       used 126411K, capacity 129408K, committed 130516K, reserved 1163264K
  class space    used 15479K, capacity 16636K, committed 16896K, reserved 1048576K
}
Event: 2886.938 GC heap before
{Heap before GC invocations=128 (full 0):
 garbage-first heap   total 262144K, used 171769K [0x0000000080000000, 0x0000000100000000)
  region size 1024K, 12 young (12288K), 1 survivors (1024K)
 Metaspace       used 126414K, capacity 129408K, committed 130516K, reserved 1163264K
  class space    used 15479K, capacity 16636K, committed 16896K, reserved 1048576K
}
Event: 2886.945 GC heap after
{Heap after GC invocations=129 (full 0):
 garbage-first heap   total 262144K, used 156868K [0x0000000080000000, 0x0000000100000000)
  region size 1024K, 1 young (1024K), 1 survivors (1024K)
 Metaspace       used 126414K, capacity 129408K, committed 130516K, reserved 1163264K
  class space    used 15479K, capacity 16636K, committed 16896K, reserved 1048576K
}
Event: 2887.266 GC heap before
{Heap before GC invocations=129 (full 0):
 garbage-first heap   total 262144K, used 226500K [0x0000000080000000, 0x0000000100000000)
  region size 1024K, 55 young (56320K), 1 survivors (1024K)
 Metaspace       used 126696K, capacity 129829K, committed 130772K, reserved 1163264K
  class space    used 15502K, capacity 16681K, committed 16896K, reserved 1048576K
}
Event: 2887.269 GC heap after
{Heap after GC invocations=130 (full 0):
 garbage-first heap   total 262144K, used 157343K [0x0000000080000000, 0x0000000100000000)
  region size 1024K, 1 young (1024K), 1 survivors (1024K)
 Metaspace       used 126696K, capacity 129829K, committed 130772K, reserved 1163264K
  class space    used 15502K, capacity 16681K, committed 16896K, reserved 1048576K
}
Event: 2887.621 GC heap before
{Heap before GC invocations=130 (full 0):
 garbage-first heap   total 262144K, used 214687K [0x0000000080000000, 0x0000000100000000)
  region size 1024K, 58 young (59392K), 1 survivors (1024K)
 Metaspace       used 130126K, capacity 133259K, committed 134356K, reserved 1167360K
  class space    used 15774K, capacity 16941K, committed 17152K, reserved 1048576K
}
Event: 2887.626 GC heap after
{Heap after GC invocations=131 (full 0):
 garbage-first heap   total 262144K, used 164435K [0x0000000080000000, 0x0000000100000000)
  region size 1024K, 8 young (8192K), 8 survivors (8192K)
 Metaspace       used 130126K, capacity 133259K, committed 134356K, reserved 1167360K
  class space    used 15774K, capacity 16941K, committed 17152K, reserved 1048576K
}
Event: 2887.834 GC heap before
{Heap before GC invocations=131 (full 0):
 garbage-first heap   total 262144K, used 216659K [0x0000000080000000, 0x0000000100000000)
  region size 1024K, 60 young (61440K), 8 survivors (8192K)
 Metaspace       used 130511K, capacity 133579K, committed 134612K, reserved 1167360K
  class space    used 15789K, capacity 16941K, committed 17152K, reserved 1048576K
}
Event: 2887.837 GC heap after
{Heap after GC invocations=132 (full 0):
 garbage-first heap   total 262144K, used 161029K [0x0000000080000000, 0x0000000100000000)
  region size 1024K, 1 young (1024K), 1 survivors (1024K)
 Metaspace       used 130511K, capacity 133579K, committed 134612K, reserved 1167360K
  class space    used 15789K, capacity 16941K, committed 17152K, reserved 1048576K
}

