# JRE version: OpenJDK Runtime Environment (11.0.11+9) (build 11.0.11+9-b60-7590822)
# Java VM: OpenJDK 64-Bit Server VM (11.0.11+9-b60-7590822, mixed mode, tiered, compressed oops, g1 gc, windows-amd64)
Heap:
 garbage-first heap   total 262144K, used 24966K [0x0000000080000000, 0x0000000100000000)
  region size 1024K, 12 young (12288K), 9 survivors (9216K)
 Metaspace       used 35463K, capacity 36257K, committed 36480K, reserved 1081344K
  class space    used 4620K, capacity 4935K, committed 4992K, reserved 1048576K
GC Heap History (12 events):
Event: 0.813 GC heap before
{Heap before GC invocations=0 (full 0):
 garbage-first heap   total 262144K, used 28672K [0x0000000080000000, 0x0000000100000000)
  region size 1024K, 22 young (22528K), 0 survivors (0K)
 Metaspace       used 9633K, capacity 9824K, committed 10112K, reserved 1058816K
  class space    used 997K, capacity 1069K, committed 1152K, reserved 1048576K
}
Event: 0.864 GC heap after
{Heap after GC invocations=1 (full 0):
 garbage-first heap   total 262144K, used 9298K [0x0000000080000000, 0x0000000100000000)
  region size 1024K, 3 young (3072K), 3 survivors (3072K)
 Metaspace       used 9633K, capacity 9824K, committed 10112K, reserved 1058816K
  class space    used 997K, capacity 1069K, committed 1152K, reserved 1048576K
}
Event: 1.273 GC heap before
{Heap before GC invocations=1 (full 0):
 garbage-first heap   total 262144K, used 54354K [0x0000000080000000, 0x0000000100000000)
  region size 1024K, 47 young (48128K), 3 survivors (3072K)
 Metaspace       used 10977K, capacity 11317K, committed 11520K, reserved 1058816K
  class space    used 1156K, capacity 1247K, committed 1280K, reserved 1048576K
}
Event: 1.277 GC heap after
{Heap after GC invocations=2 (full 0):
 garbage-first heap   total 262144K, used 13748K [0x0000000080000000, 0x0000000100000000)
  region size 1024K, 6 young (6144K), 6 survivors (6144K)
 Metaspace       used 10977K, capacity 11317K, committed 11520K, reserved 1058816K
  class space    used 1156K, capacity 1247K, committed 1280K, reserved 1048576K
}
Event: 2.801 GC heap before
{Heap before GC invocations=2 (full 0):
 garbage-first heap   total 262144K, used 60852K [0x0000000080000000, 0x0000000100000000)
  region size 1024K, 52 young (53248K), 6 survivors (6144K)
 Metaspace       used 19397K, capacity 19811K, committed 19968K, reserved 1067008K
  class space    used 2379K, capacity 2504K, committed 2560K, reserved 1048576K
}
Event: 2.804 GC heap after
{Heap after GC invocations=3 (full 0):
 garbage-first heap   total 262144K, used 16933K [0x0000000080000000, 0x0000000100000000)
  region size 1024K, 3 young (3072K), 3 survivors (3072K)
 Metaspace       used 19397K, capacity 19811K, committed 19968K, reserved 1067008K
  class space    used 2379K, capacity 2504K, committed 2560K, reserved 1048576K
}
Event: 2.916 GC heap before
{Heap before GC invocations=3 (full 0):
 garbage-first heap   total 262144K, used 29221K [0x0000000080000000, 0x0000000100000000)
  region size 1024K, 16 young (16384K), 3 survivors (3072K)
 Metaspace       used 20740K, capacity 21149K, committed 21296K, reserved 1069056K
  class space    used 2561K, capacity 2716K, committed 2816K, reserved 1048576K
}
Event: 2.919 GC heap after
{Heap after GC invocations=4 (full 0):
 garbage-first heap   total 262144K, used 17446K [0x0000000080000000, 0x0000000100000000)
  region size 1024K, 4 young (4096K), 4 survivors (4096K)
 Metaspace       used 20740K, capacity 21149K, committed 21296K, reserved 1069056K
  class space    used 2561K, capacity 2716K, committed 2816K, reserved 1048576K
}
Event: 3.534 GC heap before
{Heap before GC invocations=5 (full 0):
 garbage-first heap   total 262144K, used 81958K [0x0000000080000000, 0x0000000100000000)
  region size 1024K, 67 young (68608K), 4 survivors (4096K)
 Metaspace       used 27239K, capacity 27841K, committed 27904K, reserved 1073152K
  class space    used 3580K, capacity 3809K, committed 3840K, reserved 1048576K
}
Event: 3.539 GC heap after
{Heap after GC invocations=6 (full 0):
 garbage-first heap   total 262144K, used 19577K [0x0000000080000000, 0x0000000100000000)
  region size 1024K, 6 young (6144K), 6 survivors (6144K)
 Metaspace       used 27239K, capacity 27841K, committed 27904K, reserved 1073152K
  class space    used 3580K, capacity 3809K, committed 3840K, reserved 1048576K
}
Event: 4.252 GC heap before
{Heap before GC invocations=6 (full 0):
 garbage-first heap   total 262144K, used 68729K [0x0000000080000000, 0x0000000100000000)
  region size 1024K, 55 young (56320K), 6 survivors (6144K)
 Metaspace       used 35085K, capacity 35806K, committed 35840K, reserved 1081344K
  class space    used 4564K, capacity 4848K, committed 4864K, reserved 1048576K
}
Event: 4.257 GC heap after
{Heap after GC invocations=7 (full 0):
 garbage-first heap   total 262144K, used 22918K [0x0000000080000000, 0x0000000100000000)
  region size 1024K, 9 young (9216K), 9 survivors (9216K)
 Metaspace       used 35085K, capacity 35806K, committed 35840K, reserved 1081344K
  class space    used 4564K, capacity 4848K, committed 4864K, reserved 1048576K
}

